Started GET "/" for ::1 at 2020-06-25 09:53:21 +0300
  
PG::ConnectionBad (could not connect to server: No such file or directory
	Is the server running locally and accepting
	connections on Unix domain socket "/tmp/.s.PGSQL.5432"?
):
  
pg (1.2.3) lib/pg.rb:58:in `initialize'
pg (1.2.3) lib/pg.rb:58:in `new'
pg (1.2.3) lib/pg.rb:58:in `connect'
activerecord (6.0.3.2) lib/active_record/connection_adapters/postgresql_adapter.rb:46:in `postgresql_connection'
activerecord (6.0.3.2) lib/active_record/connection_adapters/abstract/connection_pool.rb:887:in `new_connection'
activerecord (6.0.3.2) lib/active_record/connection_adapters/abstract/connection_pool.rb:931:in `checkout_new_connection'
activerecord (6.0.3.2) lib/active_record/connection_adapters/abstract/connection_pool.rb:910:in `try_to_checkout_new_connection'
activerecord (6.0.3.2) lib/active_record/connection_adapters/abstract/connection_pool.rb:871:in `acquire_connection'
activerecord (6.0.3.2) lib/active_record/connection_adapters/abstract/connection_pool.rb:593:in `checkout'
activerecord (6.0.3.2) lib/active_record/connection_adapters/abstract/connection_pool.rb:437:in `connection'
activerecord (6.0.3.2) lib/active_record/connection_adapters/abstract/connection_pool.rb:1119:in `retrieve_connection'
activerecord (6.0.3.2) lib/active_record/connection_handling.rb:221:in `retrieve_connection'
activerecord (6.0.3.2) lib/active_record/connection_handling.rb:189:in `connection'
activerecord (6.0.3.2) lib/active_record/migration.rb:562:in `call'
actionpack (6.0.3.2) lib/action_dispatch/middleware/callbacks.rb:27:in `block in call'
activesupport (6.0.3.2) lib/active_support/callbacks.rb:101:in `run_callbacks'
actionpack (6.0.3.2) lib/action_dispatch/middleware/callbacks.rb:26:in `call'
actionpack (6.0.3.2) lib/action_dispatch/middleware/executor.rb:14:in `call'
actionpack (6.0.3.2) lib/action_dispatch/middleware/actionable_exceptions.rb:17:in `call'
actionpack (6.0.3.2) lib/action_dispatch/middleware/debug_exceptions.rb:32:in `call'
web-console (4.0.3) lib/web_console/middleware.rb:132:in `call_app'
web-console (4.0.3) lib/web_console/middleware.rb:28:in `block in call'
web-console (4.0.3) lib/web_console/middleware.rb:17:in `catch'
web-console (4.0.3) lib/web_console/middleware.rb:17:in `call'
actionpack (6.0.3.2) lib/action_dispatch/middleware/show_exceptions.rb:33:in `call'
railties (6.0.3.2) lib/rails/rack/logger.rb:37:in `call_app'
railties (6.0.3.2) lib/rails/rack/logger.rb:26:in `block in call'
activesupport (6.0.3.2) lib/active_support/tagged_logging.rb:80:in `block in tagged'
activesupport (6.0.3.2) lib/active_support/tagged_logging.rb:28:in `tagged'
activesupport (6.0.3.2) lib/active_support/tagged_logging.rb:80:in `tagged'
railties (6.0.3.2) lib/rails/rack/logger.rb:26:in `call'
sprockets-rails (3.2.1) lib/sprockets/rails/quiet_assets.rb:13:in `call'
actionpack (6.0.3.2) lib/action_dispatch/middleware/remote_ip.rb:81:in `call'
actionpack (6.0.3.2) lib/action_dispatch/middleware/request_id.rb:27:in `call'
rack (2.2.3) lib/rack/method_override.rb:24:in `call'
rack (2.2.3) lib/rack/runtime.rb:22:in `call'
activesupport (6.0.3.2) lib/active_support/cache/strategy/local_cache_middleware.rb:29:in `call'
actionpack (6.0.3.2) lib/action_dispatch/middleware/executor.rb:14:in `call'
actionpack (6.0.3.2) lib/action_dispatch/middleware/static.rb:126:in `call'
rack (2.2.3) lib/rack/sendfile.rb:110:in `call'
actionpack (6.0.3.2) lib/action_dispatch/middleware/host_authorization.rb:82:in `call'
webpacker (4.2.2) lib/webpacker/dev_server_proxy.rb:23:in `perform_request'
rack-proxy (0.6.5) lib/rack/proxy.rb:57:in `call'
railties (6.0.3.2) lib/rails/engine.rb:527:in `call'
puma (4.3.5) lib/puma/configuration.rb:228:in `call'
puma (4.3.5) lib/puma/server.rb:713:in `handle_request'
puma (4.3.5) lib/puma/server.rb:472:in `process_client'
puma (4.3.5) lib/puma/server.rb:328:in `block in run'
puma (4.3.5) lib/puma/thread_pool.rb:134:in `block in spawn_thread'
  [1m[35m (126.2ms)[0m  [1m[35mCREATE DATABASE "BlogApp_development" ENCODING = 'unicode'[0m
  [1m[35m (61.8ms)[0m  [1m[35mCREATE DATABASE "BlogApp_test" ENCODING = 'unicode'[0m
  [1m[35m (6.8ms)[0m  [1m[35mCREATE TABLE "schema_migrations" ("version" character varying NOT NULL PRIMARY KEY)[0m
  [1m[35m (2.4ms)[0m  [1m[35mCREATE TABLE "ar_internal_metadata" ("key" character varying NOT NULL PRIMARY KEY, "value" character varying, "created_at" timestamp(6) NOT NULL, "updated_at" timestamp(6) NOT NULL)[0m
  [1m[35m (0.3ms)[0m  [1m[34mSELECT pg_try_advisory_lock(6045777927375424770)[0m
  [1m[35m (0.6ms)[0m  [1m[34mSELECT "schema_migrations"."version" FROM "schema_migrations" ORDER BY "schema_migrations"."version" ASC[0m
  [1m[36mActiveRecord::InternalMetadata Load (0.5ms)[0m  [1m[34mSELECT "ar_internal_metadata".* FROM "ar_internal_metadata" WHERE "ar_internal_metadata"."key" = $1 LIMIT $2[0m  [["key", "environment"], ["LIMIT", 1]]
  [1m[35m (0.1ms)[0m  [1m[35mBEGIN[0m
  [1m[36mActiveRecord::InternalMetadata Create (0.5ms)[0m  [1m[32mINSERT INTO "ar_internal_metadata" ("key", "value", "created_at", "updated_at") VALUES ($1, $2, $3, $4) RETURNING "key"[0m  [["key", "environment"], ["value", "development"], ["created_at", "2020-06-25 06:56:25.320971"], ["updated_at", "2020-06-25 06:56:25.320971"]]
  [1m[35m (0.4ms)[0m  [1m[35mCOMMIT[0m
  [1m[35m (0.2ms)[0m  [1m[34mSELECT pg_advisory_unlock(6045777927375424770)[0m
  [1m[35m (0.4ms)[0m  [1m[34mSELECT "schema_migrations"."version" FROM "schema_migrations" ORDER BY "schema_migrations"."version" ASC[0m
Started GET "/" for ::1 at 2020-06-25 09:56:46 +0300
Processing by Rails::WelcomeController#index as HTML
  Rendering /Users/alibulut/.rvm/rubies/ruby-2.7.1/lib/ruby/gems/2.7.0/gems/railties-6.0.3.2/lib/rails/templates/rails/welcome/index.html.erb
  Rendered /Users/alibulut/.rvm/rubies/ruby-2.7.1/lib/ruby/gems/2.7.0/gems/railties-6.0.3.2/lib/rails/templates/rails/welcome/index.html.erb (Duration: 6.4ms | Allocations: 295)
Completed 200 OK in 13ms (Views: 8.0ms | ActiveRecord: 0.0ms | Allocations: 1640)


  [1m[35m (0.2ms)[0m  [1m[34mSELECT pg_try_advisory_lock(6045777927375424770)[0m
  [1m[35m (2.0ms)[0m  [1m[34mSELECT "schema_migrations"."version" FROM "schema_migrations" ORDER BY "schema_migrations"."version" ASC[0m
Migrating to CreateBlogs (20200625071741)
  [1m[35m (0.2ms)[0m  [1m[35mBEGIN[0m
  [1m[35m (10.7ms)[0m  [1m[35mCREATE TABLE "blogs" ("id" bigserial primary key, "title" character varying, "body" text, "created_at" timestamp(6) NOT NULL, "updated_at" timestamp(6) NOT NULL)[0m
  [1m[36mprimary::SchemaMigration Create (0.4ms)[0m  [1m[32mINSERT INTO "schema_migrations" ("version") VALUES ($1) RETURNING "version"[0m  [["version", "20200625071741"]]
  [1m[35m (1.0ms)[0m  [1m[35mCOMMIT[0m
  [1m[36mActiveRecord::InternalMetadata Load (1.4ms)[0m  [1m[34mSELECT "ar_internal_metadata".* FROM "ar_internal_metadata" WHERE "ar_internal_metadata"."key" = $1 LIMIT $2[0m  [["key", "environment"], ["LIMIT", 1]]
  [1m[35m (0.3ms)[0m  [1m[34mSELECT pg_advisory_unlock(6045777927375424770)[0m
  [1m[35m (0.5ms)[0m  [1m[34mSELECT "schema_migrations"."version" FROM "schema_migrations" ORDER BY "schema_migrations"."version" ASC[0m
Started GET "/" for ::1 at 2020-06-25 10:28:04 +0300
  [1m[35m (0.4ms)[0m  [1m[34mSELECT "schema_migrations"."version" FROM "schema_migrations" ORDER BY "schema_migrations"."version" ASC[0m
Processing by Rails::WelcomeController#index as HTML
  Rendering /Users/alibulut/.rvm/rubies/ruby-2.7.1/lib/ruby/gems/2.7.0/gems/railties-6.0.3.2/lib/rails/templates/rails/welcome/index.html.erb
  Rendered /Users/alibulut/.rvm/rubies/ruby-2.7.1/lib/ruby/gems/2.7.0/gems/railties-6.0.3.2/lib/rails/templates/rails/welcome/index.html.erb (Duration: 10.0ms | Allocations: 295)
Completed 200 OK in 24ms (Views: 17.8ms | ActiveRecord: 0.0ms | Allocations: 1641)


Started GET "/blogs" for ::1 at 2020-06-25 10:34:32 +0300
  [1m[35m (0.9ms)[0m  [1m[34mSELECT "schema_migrations"."version" FROM "schema_migrations" ORDER BY "schema_migrations"."version" ASC[0m
Processing by BlogsController#index as HTML
  Rendering blogs/index.html.erb within layouts/application
  [1m[36mBlog Load (0.8ms)[0m  [1m[34mSELECT "blogs".* FROM "blogs"[0m
  ↳ app/views/blogs/index.html.erb:15
  Rendered blogs/index.html.erb within layouts/application (Duration: 5.4ms | Allocations: 1481)
[Webpacker] Compiling...
[Webpacker] Compiled all packs in /Users/alibulut/Workspace/Ruby on Rails/ruby-on-rails-blog-web-app/public/packs
[Webpacker] Hash: 15d1bb7b54cf6326b9ba
Version: webpack 4.43.0
Time: 1698ms
Built at: 06/25/2020 10:34:36 AM
                                     Asset       Size       Chunks                         Chunk Names
    js/application-9afcbb5693aa87623e69.js    124 KiB  application  [emitted] [immutable]  application
js/application-9afcbb5693aa87623e69.js.map    139 KiB  application  [emitted] [dev]        application
                             manifest.json  364 bytes               [emitted]              
Entrypoint application = js/application-9afcbb5693aa87623e69.js js/application-9afcbb5693aa87623e69.js.map
[./app/javascript/channels sync recursive _channel\.js$] ./app/javascript/channels sync _channel\.js$ 160 bytes {application} [built]
[./app/javascript/channels/index.js] 211 bytes {application} [built]
[./app/javascript/packs/application.js] 749 bytes {application} [built]
[./node_modules/webpack/buildin/module.js] (webpack)/buildin/module.js 552 bytes {application} [built]
    + 3 hidden modules

Completed 200 OK in 3823ms (Views: 3812.6ms | ActiveRecord: 2.3ms | Allocations: 25625)


Started GET "/blogs" for ::1 at 2020-06-25 10:39:25 +0300
  [1m[35m (0.6ms)[0m  [1m[34mSELECT "schema_migrations"."version" FROM "schema_migrations" ORDER BY "schema_migrations"."version" ASC[0m
Processing by BlogsController#index as HTML
  Rendering blogs/index.html.erb within layouts/application
  [1m[36mBlog Load (0.5ms)[0m  [1m[34mSELECT "blogs".* FROM "blogs"[0m
  ↳ app/views/blogs/index.html.erb:15
  Rendered blogs/index.html.erb within layouts/application (Duration: 6.1ms | Allocations: 1481)
[Webpacker] Everything's up-to-date. Nothing to do
Completed 200 OK in 60ms (Views: 46.1ms | ActiveRecord: 1.9ms | Allocations: 9933)


Started GET "/blogs/new" for ::1 at 2020-06-25 10:39:35 +0300
Processing by BlogsController#new as HTML
  Rendering blogs/new.html.erb within layouts/application
  Rendered blogs/_form.html.erb (Duration: 32.0ms | Allocations: 6515)
  Rendered blogs/new.html.erb within layouts/application (Duration: 35.8ms | Allocations: 6852)
[Webpacker] Everything's up-to-date. Nothing to do
Completed 200 OK in 58ms (Views: 45.7ms | ActiveRecord: 3.7ms | Allocations: 13706)


Started POST "/blogs" for ::1 at 2020-06-25 10:39:44 +0300
Processing by BlogsController#create as HTML
  Parameters: {"authenticity_token"=>"hz8xCbovTWIKQEmmgxwKd5AMfRW1Y5XbvuOtTIjDs2lMGTGk1h1GIOivjDcWiDdY8i4bt7j06OTtUNrdQh+nTA==", "blog"=>{"title"=>"my new blog", "body"=>"test blog body"}, "commit"=>"Create Blog"}
  [1m[35m (0.2ms)[0m  [1m[35mBEGIN[0m
  ↳ app/controllers/blogs_controller.rb:30:in `block in create'
  [1m[36mBlog Create (1.5ms)[0m  [1m[32mINSERT INTO "blogs" ("title", "body", "created_at", "updated_at") VALUES ($1, $2, $3, $4) RETURNING "id"[0m  [["title", "my new blog"], ["body", "test blog body"], ["created_at", "2020-06-25 07:39:44.877510"], ["updated_at", "2020-06-25 07:39:44.877510"]]
  ↳ app/controllers/blogs_controller.rb:30:in `block in create'
  [1m[35m (0.8ms)[0m  [1m[35mCOMMIT[0m
  ↳ app/controllers/blogs_controller.rb:30:in `block in create'
Redirected to http://localhost:3000/blogs/1
Completed 302 Found in 9ms (ActiveRecord: 2.5ms | Allocations: 2995)


Started GET "/blogs/1" for ::1 at 2020-06-25 10:39:44 +0300
Processing by BlogsController#show as HTML
  Parameters: {"id"=>"1"}
  [1m[36mBlog Load (0.3ms)[0m  [1m[34mSELECT "blogs".* FROM "blogs" WHERE "blogs"."id" = $1 LIMIT $2[0m  [["id", 1], ["LIMIT", 1]]
  ↳ app/controllers/blogs_controller.rb:67:in `set_blog'
  Rendering blogs/show.html.erb within layouts/application
  Rendered blogs/show.html.erb within layouts/application (Duration: 1.6ms | Allocations: 252)
[Webpacker] Everything's up-to-date. Nothing to do
Completed 200 OK in 19ms (Views: 12.7ms | ActiveRecord: 0.5ms | Allocations: 5597)


Started GET "/blogs/1/edit" for ::1 at 2020-06-25 10:39:48 +0300
Processing by BlogsController#edit as HTML
  Parameters: {"id"=>"1"}
  [1m[36mBlog Load (0.3ms)[0m  [1m[34mSELECT "blogs".* FROM "blogs" WHERE "blogs"."id" = $1 LIMIT $2[0m  [["id", 1], ["LIMIT", 1]]
  ↳ app/controllers/blogs_controller.rb:67:in `set_blog'
  Rendering blogs/edit.html.erb within layouts/application
  Rendered blogs/_form.html.erb (Duration: 1.6ms | Allocations: 756)
  Rendered blogs/edit.html.erb within layouts/application (Duration: 2.5ms | Allocations: 995)
[Webpacker] Everything's up-to-date. Nothing to do
Completed 200 OK in 13ms (Views: 10.1ms | ActiveRecord: 0.3ms | Allocations: 5903)


Started PATCH "/blogs/1" for ::1 at 2020-06-25 10:39:52 +0300
Processing by BlogsController#update as HTML
  Parameters: {"authenticity_token"=>"u2/p1Ucnf8kRwUHqQow0IrLRrIcP35PfHL4qQyeSXv2zcmkHnIIErspkG38RAtI8pKrJLV1TOMuGRXhv8iImjw==", "blog"=>{"title"=>"my new blog", "body"=>"test blog body test"}, "commit"=>"Update Blog", "id"=>"1"}
  [1m[36mBlog Load (0.4ms)[0m  [1m[34mSELECT "blogs".* FROM "blogs" WHERE "blogs"."id" = $1 LIMIT $2[0m  [["id", 1], ["LIMIT", 1]]
  ↳ app/controllers/blogs_controller.rb:67:in `set_blog'
  [1m[35m (0.1ms)[0m  [1m[35mBEGIN[0m
  ↳ app/controllers/blogs_controller.rb:44:in `block in update'
  [1m[36mBlog Update (1.9ms)[0m  [1m[33mUPDATE "blogs" SET "body" = $1, "updated_at" = $2 WHERE "blogs"."id" = $3[0m  [["body", "test blog body test"], ["updated_at", "2020-06-25 07:39:52.392320"], ["id", 1]]
  ↳ app/controllers/blogs_controller.rb:44:in `block in update'
  [1m[35m (0.4ms)[0m  [1m[35mCOMMIT[0m
  ↳ app/controllers/blogs_controller.rb:44:in `block in update'
Redirected to http://localhost:3000/blogs/1
Completed 302 Found in 10ms (ActiveRecord: 2.9ms | Allocations: 3396)


Started GET "/blogs/1" for ::1 at 2020-06-25 10:39:52 +0300
Processing by BlogsController#show as HTML
  Parameters: {"id"=>"1"}
  [1m[36mBlog Load (0.3ms)[0m  [1m[34mSELECT "blogs".* FROM "blogs" WHERE "blogs"."id" = $1 LIMIT $2[0m  [["id", 1], ["LIMIT", 1]]
  ↳ app/controllers/blogs_controller.rb:67:in `set_blog'
  Rendering blogs/show.html.erb within layouts/application
  Rendered blogs/show.html.erb within layouts/application (Duration: 0.3ms | Allocations: 85)
[Webpacker] Everything's up-to-date. Nothing to do
Completed 200 OK in 25ms (Views: 22.7ms | ActiveRecord: 0.3ms | Allocations: 4857)


Started GET "/blogs" for ::1 at 2020-06-25 10:39:53 +0300
Processing by BlogsController#index as HTML
  Rendering blogs/index.html.erb within layouts/application
  [1m[36mBlog Load (0.3ms)[0m  [1m[34mSELECT "blogs".* FROM "blogs"[0m
  ↳ app/views/blogs/index.html.erb:15
  Rendered blogs/index.html.erb within layouts/application (Duration: 1.6ms | Allocations: 791)
[Webpacker] Everything's up-to-date. Nothing to do
Completed 200 OK in 10ms (Views: 8.8ms | ActiveRecord: 0.3ms | Allocations: 4987)


Started GET "/blogs/1" for ::1 at 2020-06-25 10:39:56 +0300
Processing by BlogsController#show as HTML
  Parameters: {"id"=>"1"}
  [1m[36mBlog Load (0.2ms)[0m  [1m[34mSELECT "blogs".* FROM "blogs" WHERE "blogs"."id" = $1 LIMIT $2[0m  [["id", 1], ["LIMIT", 1]]
  ↳ app/controllers/blogs_controller.rb:67:in `set_blog'
  Rendering blogs/show.html.erb within layouts/application
  Rendered blogs/show.html.erb within layouts/application (Duration: 0.2ms | Allocations: 80)
[Webpacker] Everything's up-to-date. Nothing to do
Completed 200 OK in 10ms (Views: 7.8ms | ActiveRecord: 0.2ms | Allocations: 4841)


Started GET "/blogs" for ::1 at 2020-06-25 10:39:58 +0300
Processing by BlogsController#index as HTML
  Rendering blogs/index.html.erb within layouts/application
  [1m[36mBlog Load (0.3ms)[0m  [1m[34mSELECT "blogs".* FROM "blogs"[0m
  ↳ app/views/blogs/index.html.erb:15
  Rendered blogs/index.html.erb within layouts/application (Duration: 1.9ms | Allocations: 788)
[Webpacker] Everything's up-to-date. Nothing to do
Completed 200 OK in 11ms (Views: 9.3ms | ActiveRecord: 0.3ms | Allocations: 4994)


Started GET "/blogs/1/edit" for ::1 at 2020-06-25 10:40:01 +0300
Processing by BlogsController#edit as HTML
  Parameters: {"id"=>"1"}
  [1m[36mBlog Load (0.2ms)[0m  [1m[34mSELECT "blogs".* FROM "blogs" WHERE "blogs"."id" = $1 LIMIT $2[0m  [["id", 1], ["LIMIT", 1]]
  ↳ app/controllers/blogs_controller.rb:67:in `set_blog'
  Rendering blogs/edit.html.erb within layouts/application
  Rendered blogs/_form.html.erb (Duration: 1.6ms | Allocations: 727)
  Rendered blogs/edit.html.erb within layouts/application (Duration: 1.9ms | Allocations: 839)
[Webpacker] Everything's up-to-date. Nothing to do
Completed 200 OK in 12ms (Views: 10.2ms | ActiveRecord: 0.2ms | Allocations: 5586)


Started GET "/blogs" for ::1 at 2020-06-25 10:40:03 +0300
Processing by BlogsController#index as HTML
  Rendering blogs/index.html.erb within layouts/application
  [1m[36mBlog Load (0.3ms)[0m  [1m[34mSELECT "blogs".* FROM "blogs"[0m
  ↳ app/views/blogs/index.html.erb:15
  Rendered blogs/index.html.erb within layouts/application (Duration: 1.7ms | Allocations: 788)
[Webpacker] Everything's up-to-date. Nothing to do
Completed 200 OK in 13ms (Views: 12.2ms | ActiveRecord: 0.3ms | Allocations: 4987)


Started GET "/blogs/1" for ::1 at 2020-06-25 10:40:05 +0300
Processing by BlogsController#show as HTML
  Parameters: {"id"=>"1"}
  [1m[36mBlog Load (0.3ms)[0m  [1m[34mSELECT "blogs".* FROM "blogs" WHERE "blogs"."id" = $1 LIMIT $2[0m  [["id", 1], ["LIMIT", 1]]
  ↳ app/controllers/blogs_controller.rb:67:in `set_blog'
  Rendering blogs/show.html.erb within layouts/application
  Rendered blogs/show.html.erb within layouts/application (Duration: 0.4ms | Allocations: 80)
[Webpacker] Everything's up-to-date. Nothing to do
Completed 200 OK in 10ms (Views: 7.6ms | ActiveRecord: 0.3ms | Allocations: 4829)


Started GET "/blogs/1/edit" for ::1 at 2020-06-25 10:40:08 +0300
Processing by BlogsController#edit as HTML
  Parameters: {"id"=>"1"}
  [1m[36mBlog Load (0.3ms)[0m  [1m[34mSELECT "blogs".* FROM "blogs" WHERE "blogs"."id" = $1 LIMIT $2[0m  [["id", 1], ["LIMIT", 1]]
  ↳ app/controllers/blogs_controller.rb:67:in `set_blog'
  Rendering blogs/edit.html.erb within layouts/application
  Rendered blogs/_form.html.erb (Duration: 4.0ms | Allocations: 727)
  Rendered blogs/edit.html.erb within layouts/application (Duration: 4.6ms | Allocations: 839)
[Webpacker] Everything's up-to-date. Nothing to do
Completed 200 OK in 30ms (Views: 26.7ms | ActiveRecord: 0.3ms | Allocations: 5596)


Started GET "/blogs" for ::1 at 2020-06-25 10:40:09 +0300
Processing by BlogsController#index as HTML
  Rendering blogs/index.html.erb within layouts/application
  [1m[36mBlog Load (0.3ms)[0m  [1m[34mSELECT "blogs".* FROM "blogs"[0m
  ↳ app/views/blogs/index.html.erb:15
  Rendered blogs/index.html.erb within layouts/application (Duration: 2.3ms | Allocations: 788)
[Webpacker] Everything's up-to-date. Nothing to do
Completed 200 OK in 15ms (Views: 13.9ms | ActiveRecord: 0.3ms | Allocations: 4991)


Started GET "/blogs/new" for ::1 at 2020-06-25 10:40:11 +0300
Processing by BlogsController#new as HTML
  Rendering blogs/new.html.erb within layouts/application
  Rendered blogs/_form.html.erb (Duration: 1.5ms | Allocations: 684)
  Rendered blogs/new.html.erb within layouts/application (Duration: 1.8ms | Allocations: 766)
[Webpacker] Everything's up-to-date. Nothing to do
Completed 200 OK in 14ms (Views: 13.0ms | ActiveRecord: 0.0ms | Allocations: 4976)


Started GET "/blogs" for ::1 at 2020-06-25 10:40:12 +0300
Processing by BlogsController#index as HTML
  Rendering blogs/index.html.erb within layouts/application
  [1m[36mBlog Load (0.3ms)[0m  [1m[34mSELECT "blogs".* FROM "blogs"[0m
  ↳ app/views/blogs/index.html.erb:15
  Rendered blogs/index.html.erb within layouts/application (Duration: 2.3ms | Allocations: 788)
[Webpacker] Everything's up-to-date. Nothing to do
Completed 200 OK in 12ms (Views: 11.3ms | ActiveRecord: 0.3ms | Allocations: 4990)


Started GET "/blogs" for ::1 at 2020-06-25 10:44:35 +0300
Processing by BlogsController#index as HTML
  Rendering blogs/index.html.erb within layouts/application
  [1m[36mBlog Load (0.3ms)[0m  [1m[34mSELECT "blogs".* FROM "blogs"[0m
  ↳ app/views/blogs/index.html.erb:15
  Rendered blogs/index.html.erb within layouts/application (Duration: 4.0ms | Allocations: 788)
[Webpacker] Everything's up-to-date. Nothing to do
Completed 200 OK in 53ms (Views: 52.2ms | ActiveRecord: 0.3ms | Allocations: 11937)


Started GET "/blogs" for ::1 at 2020-06-25 10:45:03 +0300
Processing by BlogsController#index as HTML
  Rendering blogs/index.html.erb within layouts/application
  [1m[36mBlog Load (0.2ms)[0m  [1m[34mSELECT "blogs".* FROM "blogs"[0m
  ↳ app/views/blogs/index.html.erb:15
  Rendered blogs/index.html.erb within layouts/application (Duration: 2.3ms | Allocations: 788)
[Webpacker] Everything's up-to-date. Nothing to do
Completed 200 OK in 16ms (Views: 14.4ms | ActiveRecord: 0.2ms | Allocations: 4918)


Started GET "/pages/home" for ::1 at 2020-06-25 12:49:58 +0300
Processing by PagesController#home as HTML
  Rendering pages/home.html.erb within layouts/application
  Rendered pages/home.html.erb within layouts/application (Duration: 0.4ms | Allocations: 82)
[Webpacker] Everything's up-to-date. Nothing to do
Completed 200 OK in 34ms (Views: 32.5ms | ActiveRecord: 0.0ms | Allocations: 13983)


Started GET "/pages/home" for ::1 at 2020-06-25 12:57:39 +0300
  [1m[35m (0.9ms)[0m  [1m[34mSELECT "schema_migrations"."version" FROM "schema_migrations" ORDER BY "schema_migrations"."version" ASC[0m
Processing by PagesController#home as HTML
  Rendering pages/home.html.erb within layouts/application
  [1m[36mBlog Load (0.3ms)[0m  [1m[34mSELECT "blogs".* FROM "blogs" LIMIT $1[0m  [["LIMIT", 11]]
  ↳ app/views/pages/home.html.erb:3
  Rendered pages/home.html.erb within layouts/application (Duration: 12.0ms | Allocations: 4012)
[Webpacker] Everything's up-to-date. Nothing to do
Completed 200 OK in 64ms (Views: 51.8ms | ActiveRecord: 4.0ms | Allocations: 16364)


Started GET "/pages/home" for ::1 at 2020-06-25 12:57:41 +0300
Processing by PagesController#home as HTML
  Rendering pages/home.html.erb within layouts/application
  [1m[36mBlog Load (0.3ms)[0m  [1m[34mSELECT "blogs".* FROM "blogs" LIMIT $1[0m  [["LIMIT", 11]]
  ↳ app/views/pages/home.html.erb:3
  Rendered pages/home.html.erb within layouts/application (Duration: 2.8ms | Allocations: 747)
[Webpacker] Everything's up-to-date. Nothing to do
Completed 200 OK in 10ms (Views: 8.6ms | ActiveRecord: 0.3ms | Allocations: 4952)


Started GET "/pages/home" for ::1 at 2020-06-25 12:57:42 +0300
Processing by PagesController#home as HTML
  Rendering pages/home.html.erb within layouts/application
  [1m[36mBlog Load (0.3ms)[0m  [1m[34mSELECT "blogs".* FROM "blogs" LIMIT $1[0m  [["LIMIT", 11]]
  ↳ app/views/pages/home.html.erb:3
  Rendered pages/home.html.erb within layouts/application (Duration: 1.9ms | Allocations: 746)
[Webpacker] Everything's up-to-date. Nothing to do
Completed 200 OK in 10ms (Views: 8.7ms | ActiveRecord: 0.3ms | Allocations: 4959)


Started GET "/pages/home" for ::1 at 2020-06-25 12:57:50 +0300
Processing by PagesController#home as HTML
  Rendering pages/home.html.erb within layouts/application
  [1m[36mBlog Load (0.3ms)[0m  [1m[34mSELECT "blogs".* FROM "blogs" LIMIT $1[0m  [["LIMIT", 11]]
  ↳ app/views/pages/home.html.erb:3
  Rendered pages/home.html.erb within layouts/application (Duration: 2.2ms | Allocations: 830)
[Webpacker] Everything's up-to-date. Nothing to do
Completed 200 OK in 14ms (Views: 13.0ms | ActiveRecord: 0.3ms | Allocations: 5945)


